2024-12-17T22:11:47.063+08:00  WARN 37340 --- [http-nio-8080-exec-2] o.a.pdfbox.pdmodel.font.PDCIDFontType2   : Using fallback font DengXian for CID-keyed TrueType font KaiTi_GB2312
2024-12-17T22:11:47.077+08:00  WARN 37340 --- [http-nio-8080-exec-2] o.a.pdfbox.pdmodel.font.PDCIDFontType0   : Using fallback OPPOSans-H for CID-keyed font STSong-Light
2024-12-17T22:11:47.088+08:00  INFO 37340 --- [http-nio-8080-exec-2] c.example.invoice.util.PDFTextExtractor  : PDF文件路径: E:\receipts\invoice-processor\.\uploads\c543dceb-d9e3-407c-8fd9-58960c0c9ec4.pdf
2024-12-17T22:11:47.089+08:00  INFO 37340 --- [http-nio-8080-exec-2] c.example.invoice.util.PDFTextExtractor  : 提取到的PDF文本内容: 
    发票代码:031002300411
         上海增值税统一电发票子监 普通发票 发票号码:86727671
制
国
                国家税务总局 开票日期: 2024 年 12 月 10日
    机器编号: 661028733191 上海市税务局 校 验 码:69426  39504  22502  65264  
        名        称:上海昌营商务咨询事务所 密 8>13+8*24>+96<231584>*+2*3/
购
    纳税人识别号:91310120312441681E +302388-6/*400->63365<**/9*
    买 码
    地 址、电 话: 6761/5+8+*0<+1+46<<454983+>
     
方
   开户行及账号: 区 2*>921223*-96**046-/6-20*7>
                        货物或应税劳务、服务名称      规格型号   单位  数 量    单 价 金  额   税率        税    额
*非金属矿物制品*窑变釉马克杯 360ml 件 1 28.04 28.04 13% 3.64
*非金属矿物制品*窑变釉马克杯 360ml 件 1 28.04 28.04 13% 3.64
合       计 ¥56.08 ¥7.28
价税合计(大写) 陆拾叁圆叁角陆分 (小写)¥63.36
名        称:无印良品（上海）商业有限公司 4125246627963094845
销 备
纳税人识别号:913100007747635381
售
地 址、电 话:上海市南京西路1601号越洋广场35楼3501-3508室 021-63756677
方
开户行及账号:工行南京西路支行1001207409216264768 注
收款人:武均 复核:葛楠 开票人:牛永超 销售方:(章)
全章

2024-12-17T22:11:47.091+08:00  INFO 37340 --- [http-nio-8080-exec-2] c.example.invoice.util.PDFTextExtractor  : 发票代码: 031002300411
2024-12-17T22:11:47.091+08:00  INFO 37340 --- [http-nio-8080-exec-2] c.example.invoice.util.PDFTextExtractor  : 发票号码: 86727671
2024-12-17T22:11:47.091+08:00  INFO 37340 --- [http-nio-8080-exec-2] c.example.invoice.util.PDFTextExtractor  : 价税合计: 63.36
2024-12-17T22:11:47.092+08:00  INFO 37340 --- [http-nio-8080-exec-2] c.example.invoice.util.PDFTextExtractor  : 税额: 7.28
2024-12-17T22:11:47.093+08:00  INFO 37340 --- [http-nio-8080-exec-2] c.example.invoice.util.PDFTextExtractor  : 不含税金额: 56.08
2024-12-17T22:11:47.094+08:00  INFO 37340 --- [http-nio-8080-exec-2] c.example.invoice.util.PDFTextExtractor  : 开票日期: 2024-12-10
2024-12-17T22:11:47.095+08:00  INFO 37340 --- [http-nio-8080-exec-2] c.example.invoice.util.PDFTextExtractor  : 购买方名称: 上海昌营商务咨询事务所
2024-12-17T22:11:47.095+08:00  INFO 37340 --- [http-nio-8080-exec-2] c.example.invoice.util.PDFTextExtractor  : 购买方税号: 91310120312441681E
2024-12-17T22:11:47.097+08:00  INFO 37340 --- [http-nio-8080-exec-2] c.example.invoice.util.PDFTextExtractor  : 销售方名称: 无印良品（上海）商业有限公司
2024-12-17T22:11:47.097+08:00  INFO 37340 --- [http-nio-8080-exec-2] c.example.invoice.util.PDFTextExtractor  : 销售方税号: 913100007747635381
2024-12-17T22:11:47.098+08:00  INFO 37340 --- [http-nio-8080-exec-2] c.example.invoice.util.PDFTextExtractor  : 商品信息: 非金属矿物制品窑变釉马克杯 360ml 件 1.28.04.28.04.13% 3.64
2024-12-17T22:11:47.099+08:00  INFO 37340 --- [http-nio-8080-exec-2] c.e.i.service.InvoiceProcessService      : 提取结果: PDFTextExtractor.ExtractResult(invoiceCode=031002300411, invoiceNumber=86727671, totalAmount=63.36, taxAmount=7.28, amountWithoutTax=56.08, invoiceDate=2024-12-10, buyerName=上海昌营商务咨询事务所, buyerTaxNumber=91310120312441681E, sellerName=无印良品（上海）商业有限公司, sellerTaxNumber=913100007747635381, itemInfo=非金属矿物制品窑变釉马克杯 360ml 件 1.28.04.28.04.13% 3.64, fullText=    发票代码:031002300411
         上海增值税统一电发票子监 普通发票 发票号码:86727671
制
国
                国家税务总局 开票日期: 2024 年 12 月 10日
    机器编号: 661028733191 上海市税务局 校 验 码:69426  39504  22502  65264  
        名        称:上海昌营商务咨询事务所 密 8>13+8*24>+96<231584>*+2*3/
购
    纳税人识别号:91310120312441681E +302388-6/*400->63365<**/9*
    买 码
    地 址、电 话: 6761/5+8+*0<+1+46<<454983+>
     
方
   开户行及账号: 区 2*>921223*-96**046-/6-20*7>
                        货物或应税劳务、服务名称      规格型号   单位  数 量    单 价 金  额   税率        税    额
*非金属矿物制品*窑变釉马克杯 360ml 件 1 28.04 28.04 13% 3.64
*非金属矿物制品*窑变釉马克杯 360ml 件 1 28.04 28.04 13% 3.64
合       计 ¥56.08 ¥7.28
价税合计(大写) 陆拾叁圆叁角陆分 (小写)¥63.36
名        称:无印良品（上海）商业有限公司 4125246627963094845
销 备
纳税人识别号:913100007747635381
售
地 址、电 话:上海市南京西路1601号越洋广场35楼3501-3508室 021-63756677
方
开户行及账号:工行南京西路支行1001207409216264768 注
收款人:武均 复核:葛楠 开票人:牛永超 销售方:(章)
全章
)
2024-12-17T22:17:38.911+08:00 ERROR 37340 --- [http-nio-8080-exec-3] c.e.i.exception.GlobalExceptionHandler   : 系统错误

org.springframework.web.servlet.resource.NoResourceFoundException: No static resource h2-console.
	at org.springframework.web.servlet.resource.ResourceHttpRequestHandler.handleRequest(ResourceHttpRequestHandler.java:585) ~[spring-webmvc-6.1.2.jar:6.1.2]
	at org.springframework.web.servlet.mvc.HttpRequestHandlerAdapter.handle(HttpRequestHandlerAdapter.java:52) ~[spring-webmvc-6.1.2.jar:6.1.2]
	at org.springframework.web.servlet.DispatcherServlet.doDispatch(DispatcherServlet.java:1089) ~[spring-webmvc-6.1.2.jar:6.1.2]
	at org.springframework.web.servlet.DispatcherServlet.doService(DispatcherServlet.java:979) ~[spring-webmvc-6.1.2.jar:6.1.2]
	at org.springframework.web.servlet.FrameworkServlet.processRequest(FrameworkServlet.java:1014) ~[spring-webmvc-6.1.2.jar:6.1.2]
	at org.springframework.web.servlet.FrameworkServlet.doGet(FrameworkServlet.java:903) ~[spring-webmvc-6.1.2.jar:6.1.2]
	at jakarta.servlet.http.HttpServlet.service(HttpServlet.java:564) ~[tomcat-embed-core-10.1.17.jar:6.0]
	at org.springframework.web.servlet.FrameworkServlet.service(FrameworkServlet.java:885) ~[spring-webmvc-6.1.2.jar:6.1.2]
	at jakarta.servlet.http.HttpServlet.service(HttpServlet.java:658) ~[tomcat-embed-core-10.1.17.jar:6.0]
	at org.apache.catalina.core.ApplicationFilterChain.internalDoFilter(ApplicationFilterChain.java:205) ~[tomcat-embed-core-10.1.17.jar:10.1.17]
	at org.apache.catalina.core.ApplicationFilterChain.doFilter(ApplicationFilterChain.java:149) ~[tomcat-embed-core-10.1.17.jar:10.1.17]
	at org.apache.tomcat.websocket.server.WsFilter.doFilter(WsFilter.java:51) ~[tomcat-embed-websocket-10.1.17.jar:10.1.17]
	at org.apache.catalina.core.ApplicationFilterChain.internalDoFilter(ApplicationFilterChain.java:174) ~[tomcat-embed-core-10.1.17.jar:10.1.17]
	at org.apache.catalina.core.ApplicationFilterChain.doFilter(ApplicationFilterChain.java:149) ~[tomcat-embed-core-10.1.17.jar:10.1.17]
	at org.springframework.web.filter.RequestContextFilter.doFilterInternal(RequestContextFilter.java:100) ~[spring-web-6.1.2.jar:6.1.2]
	at org.springframework.web.filter.OncePerRequestFilter.doFilter(OncePerRequestFilter.java:116) ~[spring-web-6.1.2.jar:6.1.2]
	at org.apache.catalina.core.ApplicationFilterChain.internalDoFilter(ApplicationFilterChain.java:174) ~[tomcat-embed-core-10.1.17.jar:10.1.17]
	at org.apache.catalina.core.ApplicationFilterChain.doFilter(ApplicationFilterChain.java:149) ~[tomcat-embed-core-10.1.17.jar:10.1.17]
	at org.springframework.web.filter.FormContentFilter.doFilterInternal(FormContentFilter.java:93) ~[spring-web-6.1.2.jar:6.1.2]
	at org.springframework.web.filter.OncePerRequestFilter.doFilter(OncePerRequestFilter.java:116) ~[spring-web-6.1.2.jar:6.1.2]
	at org.apache.catalina.core.ApplicationFilterChain.internalDoFilter(ApplicationFilterChain.java:174) ~[tomcat-embed-core-10.1.17.jar:10.1.17]
	at org.apache.catalina.core.ApplicationFilterChain.doFilter(ApplicationFilterChain.java:149) ~[tomcat-embed-core-10.1.17.jar:10.1.17]
	at org.springframework.web.filter.CharacterEncodingFilter.doFilterInternal(CharacterEncodingFilter.java:201) ~[spring-web-6.1.2.jar:6.1.2]
	at org.springframework.web.filter.OncePerRequestFilter.doFilter(OncePerRequestFilter.java:116) ~[spring-web-6.1.2.jar:6.1.2]
	at org.apache.catalina.core.ApplicationFilterChain.internalDoFilter(ApplicationFilterChain.java:174) ~[tomcat-embed-core-10.1.17.jar:10.1.17]
	at org.apache.catalina.core.ApplicationFilterChain.doFilter(ApplicationFilterChain.java:149) ~[tomcat-embed-core-10.1.17.jar:10.1.17]
	at org.apache.catalina.core.StandardWrapperValve.invoke(StandardWrapperValve.java:167) ~[tomcat-embed-core-10.1.17.jar:10.1.17]
	at org.apache.catalina.core.StandardContextValve.invoke(StandardContextValve.java:90) ~[tomcat-embed-core-10.1.17.jar:10.1.17]
	at org.apache.catalina.authenticator.AuthenticatorBase.invoke(AuthenticatorBase.java:482) ~[tomcat-embed-core-10.1.17.jar:10.1.17]
	at org.apache.catalina.core.StandardHostValve.invoke(StandardHostValve.java:115) ~[tomcat-embed-core-10.1.17.jar:10.1.17]
	at org.apache.catalina.valves.ErrorReportValve.invoke(ErrorReportValve.java:93) ~[tomcat-embed-core-10.1.17.jar:10.1.17]
	at org.apache.catalina.core.StandardEngineValve.invoke(StandardEngineValve.java:74) ~[tomcat-embed-core-10.1.17.jar:10.1.17]
	at org.apache.catalina.connector.CoyoteAdapter.service(CoyoteAdapter.java:340) ~[tomcat-embed-core-10.1.17.jar:10.1.17]
	at org.apache.coyote.http11.Http11Processor.service(Http11Processor.java:391) ~[tomcat-embed-core-10.1.17.jar:10.1.17]
	at org.apache.coyote.AbstractProcessorLight.process(AbstractProcessorLight.java:63) ~[tomcat-embed-core-10.1.17.jar:10.1.17]
	at org.apache.coyote.AbstractProtocol$ConnectionHandler.process(AbstractProtocol.java:896) ~[tomcat-embed-core-10.1.17.jar:10.1.17]
	at org.apache.tomcat.util.net.NioEndpoint$SocketProcessor.doRun(NioEndpoint.java:1744) ~[tomcat-embed-core-10.1.17.jar:10.1.17]
	at org.apache.tomcat.util.net.SocketProcessorBase.run(SocketProcessorBase.java:52) ~[tomcat-embed-core-10.1.17.jar:10.1.17]
	at org.apache.tomcat.util.threads.ThreadPoolExecutor.runWorker(ThreadPoolExecutor.java:1191) ~[tomcat-embed-core-10.1.17.jar:10.1.17]
	at org.apache.tomcat.util.threads.ThreadPoolExecutor$Worker.run(ThreadPoolExecutor.java:659) ~[tomcat-embed-core-10.1.17.jar:10.1.17]
	at org.apache.tomcat.util.threads.TaskThread$WrappingRunnable.run(TaskThread.java:61) ~[tomcat-embed-core-10.1.17.jar:10.1.17]
	at java.base/java.lang.Thread.run(Thread.java:1583) ~[na:na]

2024-12-17T22:17:39.022+08:00 ERROR 37340 --- [http-nio-8080-exec-4] c.e.i.exception.GlobalExceptionHandler   : 系统错误

org.springframework.web.servlet.resource.NoResourceFoundException: No static resource favicon.ico.
	at org.springframework.web.servlet.resource.ResourceHttpRequestHandler.handleRequest(ResourceHttpRequestHandler.java:585) ~[spring-webmvc-6.1.2.jar:6.1.2]
	at org.springframework.web.servlet.mvc.HttpRequestHandlerAdapter.handle(HttpRequestHandlerAdapter.java:52) ~[spring-webmvc-6.1.2.jar:6.1.2]
	at org.springframework.web.servlet.DispatcherServlet.doDispatch(DispatcherServlet.java:1089) ~[spring-webmvc-6.1.2.jar:6.1.2]
	at org.springframework.web.servlet.DispatcherServlet.doService(DispatcherServlet.java:979) ~[spring-webmvc-6.1.2.jar:6.1.2]
	at org.springframework.web.servlet.FrameworkServlet.processRequest(FrameworkServlet.java:1014) ~[spring-webmvc-6.1.2.jar:6.1.2]
	at org.springframework.web.servlet.FrameworkServlet.doGet(FrameworkServlet.java:903) ~[spring-webmvc-6.1.2.jar:6.1.2]
	at jakarta.servlet.http.HttpServlet.service(HttpServlet.java:564) ~[tomcat-embed-core-10.1.17.jar:6.0]
	at org.springframework.web.servlet.FrameworkServlet.service(FrameworkServlet.java:885) ~[spring-webmvc-6.1.2.jar:6.1.2]
	at jakarta.servlet.http.HttpServlet.service(HttpServlet.java:658) ~[tomcat-embed-core-10.1.17.jar:6.0]
	at org.apache.catalina.core.ApplicationFilterChain.internalDoFilter(ApplicationFilterChain.java:205) ~[tomcat-embed-core-10.1.17.jar:10.1.17]
	at org.apache.catalina.core.ApplicationFilterChain.doFilter(ApplicationFilterChain.java:149) ~[tomcat-embed-core-10.1.17.jar:10.1.17]
	at org.apache.tomcat.websocket.server.WsFilter.doFilter(WsFilter.java:51) ~[tomcat-embed-websocket-10.1.17.jar:10.1.17]
	at org.apache.catalina.core.ApplicationFilterChain.internalDoFilter(ApplicationFilterChain.java:174) ~[tomcat-embed-core-10.1.17.jar:10.1.17]
	at org.apache.catalina.core.ApplicationFilterChain.doFilter(ApplicationFilterChain.java:149) ~[tomcat-embed-core-10.1.17.jar:10.1.17]
	at org.springframework.web.filter.RequestContextFilter.doFilterInternal(RequestContextFilter.java:100) ~[spring-web-6.1.2.jar:6.1.2]
	at org.springframework.web.filter.OncePerRequestFilter.doFilter(OncePerRequestFilter.java:116) ~[spring-web-6.1.2.jar:6.1.2]
	at org.apache.catalina.core.ApplicationFilterChain.internalDoFilter(ApplicationFilterChain.java:174) ~[tomcat-embed-core-10.1.17.jar:10.1.17]
	at org.apache.catalina.core.ApplicationFilterChain.doFilter(ApplicationFilterChain.java:149) ~[tomcat-embed-core-10.1.17.jar:10.1.17]
	at org.springframework.web.filter.FormContentFilter.doFilterInternal(FormContentFilter.java:93) ~[spring-web-6.1.2.jar:6.1.2]
	at org.springframework.web.filter.OncePerRequestFilter.doFilter(OncePerRequestFilter.java:116) ~[spring-web-6.1.2.jar:6.1.2]
	at org.apache.catalina.core.ApplicationFilterChain.internalDoFilter(ApplicationFilterChain.java:174) ~[tomcat-embed-core-10.1.17.jar:10.1.17]
	at org.apache.catalina.core.ApplicationFilterChain.doFilter(ApplicationFilterChain.java:149) ~[tomcat-embed-core-10.1.17.jar:10.1.17]
	at org.springframework.web.filter.CharacterEncodingFilter.doFilterInternal(CharacterEncodingFilter.java:201) ~[spring-web-6.1.2.jar:6.1.2]
	at org.springframework.web.filter.OncePerRequestFilter.doFilter(OncePerRequestFilter.java:116) ~[spring-web-6.1.2.jar:6.1.2]
	at org.apache.catalina.core.ApplicationFilterChain.internalDoFilter(ApplicationFilterChain.java:174) ~[tomcat-embed-core-10.1.17.jar:10.1.17]
	at org.apache.catalina.core.ApplicationFilterChain.doFilter(ApplicationFilterChain.java:149) ~[tomcat-embed-core-10.1.17.jar:10.1.17]
	at org.apache.catalina.core.StandardWrapperValve.invoke(StandardWrapperValve.java:167) ~[tomcat-embed-core-10.1.17.jar:10.1.17]
	at org.apache.catalina.core.StandardContextValve.invoke(StandardContextValve.java:90) ~[tomcat-embed-core-10.1.17.jar:10.1.17]
	at org.apache.catalina.authenticator.AuthenticatorBase.invoke(AuthenticatorBase.java:482) ~[tomcat-embed-core-10.1.17.jar:10.1.17]
	at org.apache.catalina.core.StandardHostValve.invoke(StandardHostValve.java:115) ~[tomcat-embed-core-10.1.17.jar:10.1.17]
	at org.apache.catalina.valves.ErrorReportValve.invoke(ErrorReportValve.java:93) ~[tomcat-embed-core-10.1.17.jar:10.1.17]
	at org.apache.catalina.core.StandardEngineValve.invoke(StandardEngineValve.java:74) ~[tomcat-embed-core-10.1.17.jar:10.1.17]
	at org.apache.catalina.connector.CoyoteAdapter.service(CoyoteAdapter.java:340) ~[tomcat-embed-core-10.1.17.jar:10.1.17]
	at org.apache.coyote.http11.Http11Processor.service(Http11Processor.java:391) ~[tomcat-embed-core-10.1.17.jar:10.1.17]
	at org.apache.coyote.AbstractProcessorLight.process(AbstractProcessorLight.java:63) ~[tomcat-embed-core-10.1.17.jar:10.1.17]
	at org.apache.coyote.AbstractProtocol$ConnectionHandler.process(AbstractProtocol.java:896) ~[tomcat-embed-core-10.1.17.jar:10.1.17]
	at org.apache.tomcat.util.net.NioEndpoint$SocketProcessor.doRun(NioEndpoint.java:1744) ~[tomcat-embed-core-10.1.17.jar:10.1.17]
	at org.apache.tomcat.util.net.SocketProcessorBase.run(SocketProcessorBase.java:52) ~[tomcat-embed-core-10.1.17.jar:10.1.17]
	at org.apache.tomcat.util.threads.ThreadPoolExecutor.runWorker(ThreadPoolExecutor.java:1191) ~[tomcat-embed-core-10.1.17.jar:10.1.17]
	at org.apache.tomcat.util.threads.ThreadPoolExecutor$Worker.run(ThreadPoolExecutor.java:659) ~[tomcat-embed-core-10.1.17.jar:10.1.17]
	at org.apache.tomcat.util.threads.TaskThread$WrappingRunnable.run(TaskThread.java:61) ~[tomcat-embed-core-10.1.17.jar:10.1.17]
	at java.base/java.lang.Thread.run(Thread.java:1583) ~[na:na]

2024-12-17T22:19:56.227+08:00  WARN 37340 --- [http-nio-8080-exec-8] o.a.pdfbox.pdmodel.font.PDCIDFontType2   : Using fallback font DengXian for CID-keyed TrueType font KaiTi_GB2312
2024-12-17T22:19:56.235+08:00  WARN 37340 --- [http-nio-8080-exec-8] o.a.pdfbox.pdmodel.font.PDCIDFontType0   : Using fallback OPPOSans-H for CID-keyed font STSong-Light
2024-12-17T22:19:56.243+08:00  INFO 37340 --- [http-nio-8080-exec-8] c.example.invoice.util.PDFTextExtractor  : PDF文件路径: E:\receipts\invoice-processor\.\uploads\9a9dd033-eaef-479f-bea7-90698c6a8595.pdf
2024-12-17T22:19:56.244+08:00  INFO 37340 --- [http-nio-8080-exec-8] c.example.invoice.util.PDFTextExtractor  : 提取到的PDF文本内容: 
    发票代码:031002300411
         上海增值税统一电发票子监 普通发票 发票号码:86727671
制
国
                国家税务总局 开票日期: 2024 年 12 月 10日
    机器编号: 661028733191 上海市税务局 校 验 码:69426  39504  22502  65264  
        名        称:上海昌营商务咨询事务所 密 8>13+8*24>+96<231584>*+2*3/
购
    纳税人识别号:91310120312441681E +302388-6/*400->63365<**/9*
    买 码
    地 址、电 话: 6761/5+8+*0<+1+46<<454983+>
     
方
   开户行及账号: 区 2*>921223*-96**046-/6-20*7>
                        货物或应税劳务、服务名称      规格型号   单位  数 量    单 价 金  额   税率        税    额
*非金属矿物制品*窑变釉马克杯 360ml 件 1 28.04 28.04 13% 3.64
*非金属矿物制品*窑变釉马克杯 360ml 件 1 28.04 28.04 13% 3.64
合       计 ¥56.08 ¥7.28
价税合计(大写) 陆拾叁圆叁角陆分 (小写)¥63.36
名        称:无印良品（上海）商业有限公司 4125246627963094845
销 备
纳税人识别号:913100007747635381
售
地 址、电 话:上海市南京西路1601号越洋广场35楼3501-3508室 021-63756677
方
开户行及账号:工行南京西路支行1001207409216264768 注
收款人:武均 复核:葛楠 开票人:牛永超 销售方:(章)
全章

2024-12-17T22:19:56.245+08:00  INFO 37340 --- [http-nio-8080-exec-8] c.example.invoice.util.PDFTextExtractor  : 发票代码: 031002300411
2024-12-17T22:19:56.246+08:00  INFO 37340 --- [http-nio-8080-exec-8] c.example.invoice.util.PDFTextExtractor  : 发票号码: 86727671
2024-12-17T22:19:56.246+08:00  INFO 37340 --- [http-nio-8080-exec-8] c.example.invoice.util.PDFTextExtractor  : 价税合计: 63.36
2024-12-17T22:19:56.247+08:00  INFO 37340 --- [http-nio-8080-exec-8] c.example.invoice.util.PDFTextExtractor  : 税额: 7.28
2024-12-17T22:19:56.247+08:00  INFO 37340 --- [http-nio-8080-exec-8] c.example.invoice.util.PDFTextExtractor  : 不含税金额: 56.08
2024-12-17T22:19:56.248+08:00  INFO 37340 --- [http-nio-8080-exec-8] c.example.invoice.util.PDFTextExtractor  : 开票日期: 2024-12-10
2024-12-17T22:19:56.248+08:00  INFO 37340 --- [http-nio-8080-exec-8] c.example.invoice.util.PDFTextExtractor  : 购买方名称: 上海昌营商务咨询事务所
2024-12-17T22:19:56.249+08:00  INFO 37340 --- [http-nio-8080-exec-8] c.example.invoice.util.PDFTextExtractor  : 购买方税号: 91310120312441681E
2024-12-17T22:19:56.249+08:00  INFO 37340 --- [http-nio-8080-exec-8] c.example.invoice.util.PDFTextExtractor  : 销售方名称: 无印良品（上海）商业有限公司
2024-12-17T22:19:56.250+08:00  INFO 37340 --- [http-nio-8080-exec-8] c.example.invoice.util.PDFTextExtractor  : 销售方税号: 913100007747635381
2024-12-17T22:19:56.250+08:00  INFO 37340 --- [http-nio-8080-exec-8] c.example.invoice.util.PDFTextExtractor  : 商品信息: 非金属矿物制品窑变釉马克杯 360ml 件 1.28.04.28.04.13% 3.64
2024-12-17T22:19:56.251+08:00  INFO 37340 --- [http-nio-8080-exec-8] c.e.i.service.InvoiceProcessService      : 提取结果: PDFTextExtractor.ExtractResult(invoiceCode=031002300411, invoiceNumber=86727671, totalAmount=63.36, taxAmount=7.28, amountWithoutTax=56.08, invoiceDate=2024-12-10, buyerName=上海昌营商务咨询事务所, buyerTaxNumber=91310120312441681E, sellerName=无印良品（上海）商业有限公司, sellerTaxNumber=913100007747635381, itemInfo=非金属矿物制品窑变釉马克杯 360ml 件 1.28.04.28.04.13% 3.64, fullText=    发票代码:031002300411
         上海增值税统一电发票子监 普通发票 发票号码:86727671
制
国
                国家税务总局 开票日期: 2024 年 12 月 10日
    机器编号: 661028733191 上海市税务局 校 验 码:69426  39504  22502  65264  
        名        称:上海昌营商务咨询事务所 密 8>13+8*24>+96<231584>*+2*3/
购
    纳税人识别号:91310120312441681E +302388-6/*400->63365<**/9*
    买 码
    地 址、电 话: 6761/5+8+*0<+1+46<<454983+>
     
方
   开户行及账号: 区 2*>921223*-96**046-/6-20*7>
                        货物或应税劳务、服务名称      规格型号   单位  数 量    单 价 金  额   税率        税    额
*非金属矿物制品*窑变釉马克杯 360ml 件 1 28.04 28.04 13% 3.64
*非金属矿物制品*窑变釉马克杯 360ml 件 1 28.04 28.04 13% 3.64
合       计 ¥56.08 ¥7.28
价税合计(大写) 陆拾叁圆叁角陆分 (小写)¥63.36
名        称:无印良品（上海）商业有限公司 4125246627963094845
销 备
纳税人识别号:913100007747635381
售
地 址、电 话:上海市南京西路1601号越洋广场35楼3501-3508室 021-63756677
方
开户行及账号:工行南京西路支行1001207409216264768 注
收款人:武均 复核:葛楠 开票人:牛永超 销售方:(章)
全章
)
2024-12-17T22:20:06.905+08:00 ERROR 37340 --- [http-nio-8080-exec-9] c.e.i.exception.GlobalExceptionHandler   : 参数错误

java.lang.IllegalArgumentException: 文件不存在
	at com.example.invoice.service.InvoiceProcessService.lambda$getProcessStatus$2(InvoiceProcessService.java:251) ~[classes/:na]
	at java.base/java.util.Optional.orElseThrow(Optional.java:403) ~[na:na]
	at com.example.invoice.service.InvoiceProcessService.getProcessStatus(InvoiceProcessService.java:251) ~[classes/:na]
	at java.base/jdk.internal.reflect.DirectMethodHandleAccessor.invoke(DirectMethodHandleAccessor.java:103) ~[na:na]
	at java.base/java.lang.reflect.Method.invoke(Method.java:580) ~[na:na]
	at org.springframework.aop.support.AopUtils.invokeJoinpointUsingReflection(AopUtils.java:352) ~[spring-aop-6.1.2.jar:6.1.2]
	at org.springframework.aop.framework.CglibAopProxy$DynamicAdvisedInterceptor.intercept(CglibAopProxy.java:713) ~[spring-aop-6.1.2.jar:6.1.2]
	at com.example.invoice.service.InvoiceProcessService$$SpringCGLIB$$0.getProcessStatus(<generated>) ~[classes/:na]
	at com.example.invoice.controller.InvoiceController.getProcessStatus(InvoiceController.java:61) ~[classes/:na]
	at java.base/jdk.internal.reflect.DirectMethodHandleAccessor.invoke(DirectMethodHandleAccessor.java:103) ~[na:na]
	at java.base/java.lang.reflect.Method.invoke(Method.java:580) ~[na:na]
	at org.springframework.web.method.support.InvocableHandlerMethod.doInvoke(InvocableHandlerMethod.java:262) ~[spring-web-6.1.2.jar:6.1.2]
	at org.springframework.web.method.support.InvocableHandlerMethod.invokeForRequest(InvocableHandlerMethod.java:190) ~[spring-web-6.1.2.jar:6.1.2]
	at org.springframework.web.servlet.mvc.method.annotation.ServletInvocableHandlerMethod.invokeAndHandle(ServletInvocableHandlerMethod.java:118) ~[spring-webmvc-6.1.2.jar:6.1.2]
	at org.springframework.web.servlet.mvc.method.annotation.RequestMappingHandlerAdapter.invokeHandlerMethod(RequestMappingHandlerAdapter.java:917) ~[spring-webmvc-6.1.2.jar:6.1.2]
	at org.springframework.web.servlet.mvc.method.annotation.RequestMappingHandlerAdapter.handleInternal(RequestMappingHandlerAdapter.java:829) ~[spring-webmvc-6.1.2.jar:6.1.2]
	at org.springframework.web.servlet.mvc.method.AbstractHandlerMethodAdapter.handle(AbstractHandlerMethodAdapter.java:87) ~[spring-webmvc-6.1.2.jar:6.1.2]
	at org.springframework.web.servlet.DispatcherServlet.doDispatch(DispatcherServlet.java:1089) ~[spring-webmvc-6.1.2.jar:6.1.2]
	at org.springframework.web.servlet.DispatcherServlet.doService(DispatcherServlet.java:979) ~[spring-webmvc-6.1.2.jar:6.1.2]
	at org.springframework.web.servlet.FrameworkServlet.processRequest(FrameworkServlet.java:1014) ~[spring-webmvc-6.1.2.jar:6.1.2]
	at org.springframework.web.servlet.FrameworkServlet.doGet(FrameworkServlet.java:903) ~[spring-webmvc-6.1.2.jar:6.1.2]
	at jakarta.servlet.http.HttpServlet.service(HttpServlet.java:564) ~[tomcat-embed-core-10.1.17.jar:6.0]
	at org.springframework.web.servlet.FrameworkServlet.service(FrameworkServlet.java:885) ~[spring-webmvc-6.1.2.jar:6.1.2]
	at jakarta.servlet.http.HttpServlet.service(HttpServlet.java:658) ~[tomcat-embed-core-10.1.17.jar:6.0]
	at org.apache.catalina.core.ApplicationFilterChain.internalDoFilter(ApplicationFilterChain.java:205) ~[tomcat-embed-core-10.1.17.jar:10.1.17]
	at org.apache.catalina.core.ApplicationFilterChain.doFilter(ApplicationFilterChain.java:149) ~[tomcat-embed-core-10.1.17.jar:10.1.17]
	at org.apache.tomcat.websocket.server.WsFilter.doFilter(WsFilter.java:51) ~[tomcat-embed-websocket-10.1.17.jar:10.1.17]
	at org.apache.catalina.core.ApplicationFilterChain.internalDoFilter(ApplicationFilterChain.java:174) ~[tomcat-embed-core-10.1.17.jar:10.1.17]
	at org.apache.catalina.core.ApplicationFilterChain.doFilter(ApplicationFilterChain.java:149) ~[tomcat-embed-core-10.1.17.jar:10.1.17]
	at org.springframework.web.filter.RequestContextFilter.doFilterInternal(RequestContextFilter.java:100) ~[spring-web-6.1.2.jar:6.1.2]
	at org.springframework.web.filter.OncePerRequestFilter.doFilter(OncePerRequestFilter.java:116) ~[spring-web-6.1.2.jar:6.1.2]
	at org.apache.catalina.core.ApplicationFilterChain.internalDoFilter(ApplicationFilterChain.java:174) ~[tomcat-embed-core-10.1.17.jar:10.1.17]
	at org.apache.catalina.core.ApplicationFilterChain.doFilter(ApplicationFilterChain.java:149) ~[tomcat-embed-core-10.1.17.jar:10.1.17]
	at org.springframework.web.filter.FormContentFilter.doFilterInternal(FormContentFilter.java:93) ~[spring-web-6.1.2.jar:6.1.2]
	at org.springframework.web.filter.OncePerRequestFilter.doFilter(OncePerRequestFilter.java:116) ~[spring-web-6.1.2.jar:6.1.2]
	at org.apache.catalina.core.ApplicationFilterChain.internalDoFilter(ApplicationFilterChain.java:174) ~[tomcat-embed-core-10.1.17.jar:10.1.17]
	at org.apache.catalina.core.ApplicationFilterChain.doFilter(ApplicationFilterChain.java:149) ~[tomcat-embed-core-10.1.17.jar:10.1.17]
	at org.springframework.web.filter.CharacterEncodingFilter.doFilterInternal(CharacterEncodingFilter.java:201) ~[spring-web-6.1.2.jar:6.1.2]
	at org.springframework.web.filter.OncePerRequestFilter.doFilter(OncePerRequestFilter.java:116) ~[spring-web-6.1.2.jar:6.1.2]
	at org.apache.catalina.core.ApplicationFilterChain.internalDoFilter(ApplicationFilterChain.java:174) ~[tomcat-embed-core-10.1.17.jar:10.1.17]
	at org.apache.catalina.core.ApplicationFilterChain.doFilter(ApplicationFilterChain.java:149) ~[tomcat-embed-core-10.1.17.jar:10.1.17]
	at org.apache.catalina.core.StandardWrapperValve.invoke(StandardWrapperValve.java:167) ~[tomcat-embed-core-10.1.17.jar:10.1.17]
	at org.apache.catalina.core.StandardContextValve.invoke(StandardContextValve.java:90) ~[tomcat-embed-core-10.1.17.jar:10.1.17]
	at org.apache.catalina.authenticator.AuthenticatorBase.invoke(AuthenticatorBase.java:482) ~[tomcat-embed-core-10.1.17.jar:10.1.17]
	at org.apache.catalina.core.StandardHostValve.invoke(StandardHostValve.java:115) ~[tomcat-embed-core-10.1.17.jar:10.1.17]
	at org.apache.catalina.valves.ErrorReportValve.invoke(ErrorReportValve.java:93) ~[tomcat-embed-core-10.1.17.jar:10.1.17]
	at org.apache.catalina.core.StandardEngineValve.invoke(StandardEngineValve.java:74) ~[tomcat-embed-core-10.1.17.jar:10.1.17]
	at org.apache.catalina.connector.CoyoteAdapter.service(CoyoteAdapter.java:340) ~[tomcat-embed-core-10.1.17.jar:10.1.17]
	at org.apache.coyote.http11.Http11Processor.service(Http11Processor.java:391) ~[tomcat-embed-core-10.1.17.jar:10.1.17]
	at org.apache.coyote.AbstractProcessorLight.process(AbstractProcessorLight.java:63) ~[tomcat-embed-core-10.1.17.jar:10.1.17]
	at org.apache.coyote.AbstractProtocol$ConnectionHandler.process(AbstractProtocol.java:896) ~[tomcat-embed-core-10.1.17.jar:10.1.17]
	at org.apache.tomcat.util.net.NioEndpoint$SocketProcessor.doRun(NioEndpoint.java:1744) ~[tomcat-embed-core-10.1.17.jar:10.1.17]
	at org.apache.tomcat.util.net.SocketProcessorBase.run(SocketProcessorBase.java:52) ~[tomcat-embed-core-10.1.17.jar:10.1.17]
	at org.apache.tomcat.util.threads.ThreadPoolExecutor.runWorker(ThreadPoolExecutor.java:1191) ~[tomcat-embed-core-10.1.17.jar:10.1.17]
	at org.apache.tomcat.util.threads.ThreadPoolExecutor$Worker.run(ThreadPoolExecutor.java:659) ~[tomcat-embed-core-10.1.17.jar:10.1.17]
	at org.apache.tomcat.util.threads.TaskThread$WrappingRunnable.run(TaskThread.java:61) ~[tomcat-embed-core-10.1.17.jar:10.1.17]
	at java.base/java.lang.Thread.run(Thread.java:1583) ~[na:na]

2024-12-17T22:21:42.452+08:00  WARN 37340 --- [http-nio-8080-exec-6] o.a.pdfbox.pdmodel.font.PDCIDFontType2   : Using fallback font DengXian for CID-keyed TrueType font KaiTi_GB2312
2024-12-17T22:21:42.460+08:00  WARN 37340 --- [http-nio-8080-exec-6] o.a.pdfbox.pdmodel.font.PDCIDFontType0   : Using fallback OPPOSans-H for CID-keyed font STSong-Light
2024-12-17T22:21:42.467+08:00  INFO 37340 --- [http-nio-8080-exec-6] c.example.invoice.util.PDFTextExtractor  : PDF文件路径: E:\receipts\invoice-processor\.\uploads\a5d4f328-0b97-4e64-8d1b-3c4827ec9aac.pdf
2024-12-17T22:21:42.467+08:00  INFO 37340 --- [http-nio-8080-exec-6] c.example.invoice.util.PDFTextExtractor  : 提取到的PDF文本内容: 
    发票代码:031002300411
         上海增值税统一电发票子监 普通发票 发票号码:86727671
制
国
                国家税务总局 开票日期: 2024 年 12 月 10日
    机器编号: 661028733191 上海市税务局 校 验 码:69426  39504  22502  65264  
        名        称:上海昌营商务咨询事务所 密 8>13+8*24>+96<231584>*+2*3/
购
    纳税人识别号:91310120312441681E +302388-6/*400->63365<**/9*
    买 码
    地 址、电 话: 6761/5+8+*0<+1+46<<454983+>
     
方
   开户行及账号: 区 2*>921223*-96**046-/6-20*7>
                        货物或应税劳务、服务名称      规格型号   单位  数 量    单 价 金  额   税率        税    额
*非金属矿物制品*窑变釉马克杯 360ml 件 1 28.04 28.04 13% 3.64
*非金属矿物制品*窑变釉马克杯 360ml 件 1 28.04 28.04 13% 3.64
合       计 ¥56.08 ¥7.28
价税合计(大写) 陆拾叁圆叁角陆分 (小写)¥63.36
名        称:无印良品（上海）商业有限公司 4125246627963094845
销 备
纳税人识别号:913100007747635381
售
地 址、电 话:上海市南京西路1601号越洋广场35楼3501-3508室 021-63756677
方
开户行及账号:工行南京西路支行1001207409216264768 注
收款人:武均 复核:葛楠 开票人:牛永超 销售方:(章)
全章

2024-12-17T22:21:42.469+08:00  INFO 37340 --- [http-nio-8080-exec-6] c.example.invoice.util.PDFTextExtractor  : 发票代码: 031002300411
2024-12-17T22:21:42.469+08:00  INFO 37340 --- [http-nio-8080-exec-6] c.example.invoice.util.PDFTextExtractor  : 发票号码: 86727671
2024-12-17T22:21:42.469+08:00  INFO 37340 --- [http-nio-8080-exec-6] c.example.invoice.util.PDFTextExtractor  : 价税合计: 63.36
2024-12-17T22:21:42.469+08:00  INFO 37340 --- [http-nio-8080-exec-6] c.example.invoice.util.PDFTextExtractor  : 税额: 7.28
2024-12-17T22:21:42.470+08:00  INFO 37340 --- [http-nio-8080-exec-6] c.example.invoice.util.PDFTextExtractor  : 不含税金额: 56.08
2024-12-17T22:21:42.470+08:00  INFO 37340 --- [http-nio-8080-exec-6] c.example.invoice.util.PDFTextExtractor  : 开票日期: 2024-12-10
2024-12-17T22:21:42.470+08:00  INFO 37340 --- [http-nio-8080-exec-6] c.example.invoice.util.PDFTextExtractor  : 购买方名称: 上海昌营商务咨询事务所
2024-12-17T22:21:42.472+08:00  INFO 37340 --- [http-nio-8080-exec-6] c.example.invoice.util.PDFTextExtractor  : 购买方税号: 91310120312441681E
2024-12-17T22:21:42.473+08:00  INFO 37340 --- [http-nio-8080-exec-6] c.example.invoice.util.PDFTextExtractor  : 销售方名称: 无印良品（上海）商业有限公司
2024-12-17T22:21:42.474+08:00  INFO 37340 --- [http-nio-8080-exec-6] c.example.invoice.util.PDFTextExtractor  : 销售方税号: 913100007747635381
2024-12-17T22:21:42.475+08:00  INFO 37340 --- [http-nio-8080-exec-6] c.example.invoice.util.PDFTextExtractor  : 商品信息: 非金属矿物制品窑变釉马克杯 360ml 件 1.28.04.28.04.13% 3.64
2024-12-17T22:21:42.475+08:00  INFO 37340 --- [http-nio-8080-exec-6] c.e.i.service.InvoiceProcessService      : 提取结果: PDFTextExtractor.ExtractResult(invoiceCode=031002300411, invoiceNumber=86727671, totalAmount=63.36, taxAmount=7.28, amountWithoutTax=56.08, invoiceDate=2024-12-10, buyerName=上海昌营商务咨询事务所, buyerTaxNumber=91310120312441681E, sellerName=无印良品（上海）商业有限公司, sellerTaxNumber=913100007747635381, itemInfo=非金属矿物制品窑变釉马克杯 360ml 件 1.28.04.28.04.13% 3.64, fullText=    发票代码:031002300411
         上海增值税统一电发票子监 普通发票 发票号码:86727671
制
国
                国家税务总局 开票日期: 2024 年 12 月 10日
    机器编号: 661028733191 上海市税务局 校 验 码:69426  39504  22502  65264  
        名        称:上海昌营商务咨询事务所 密 8>13+8*24>+96<231584>*+2*3/
购
    纳税人识别号:91310120312441681E +302388-6/*400->63365<**/9*
    买 码
    地 址、电 话: 6761/5+8+*0<+1+46<<454983+>
     
方
   开户行及账号: 区 2*>921223*-96**046-/6-20*7>
                        货物或应税劳务、服务名称      规格型号   单位  数 量    单 价 金  额   税率        税    额
*非金属矿物制品*窑变釉马克杯 360ml 件 1 28.04 28.04 13% 3.64
*非金属矿物制品*窑变釉马克杯 360ml 件 1 28.04 28.04 13% 3.64
合       计 ¥56.08 ¥7.28
价税合计(大写) 陆拾叁圆叁角陆分 (小写)¥63.36
名        称:无印良品（上海）商业有限公司 4125246627963094845
销 备
纳税人识别号:913100007747635381
售
地 址、电 话:上海市南京西路1601号越洋广场35楼3501-3508室 021-63756677
方
开户行及账号:工行南京西路支行1001207409216264768 注
收款人:武均 复核:葛楠 开票人:牛永超 销售方:(章)
全章
)
2024-12-17T22:21:56.789+08:00 ERROR 37340 --- [http-nio-8080-exec-1] c.e.i.exception.GlobalExceptionHandler   : 参数错误

java.lang.IllegalArgumentException: 文件不存在
	at com.example.invoice.service.InvoiceProcessService.lambda$getProcessStatus$2(InvoiceProcessService.java:251) ~[classes/:na]
	at java.base/java.util.Optional.orElseThrow(Optional.java:403) ~[na:na]
	at com.example.invoice.service.InvoiceProcessService.getProcessStatus(InvoiceProcessService.java:251) ~[classes/:na]
	at java.base/jdk.internal.reflect.DirectMethodHandleAccessor.invoke(DirectMethodHandleAccessor.java:103) ~[na:na]
	at java.base/java.lang.reflect.Method.invoke(Method.java:580) ~[na:na]
	at org.springframework.aop.support.AopUtils.invokeJoinpointUsingReflection(AopUtils.java:352) ~[spring-aop-6.1.2.jar:6.1.2]
	at org.springframework.aop.framework.CglibAopProxy$DynamicAdvisedInterceptor.intercept(CglibAopProxy.java:713) ~[spring-aop-6.1.2.jar:6.1.2]
	at com.example.invoice.service.InvoiceProcessService$$SpringCGLIB$$0.getProcessStatus(<generated>) ~[classes/:na]
	at com.example.invoice.controller.InvoiceController.getProcessStatus(InvoiceController.java:61) ~[classes/:na]
	at java.base/jdk.internal.reflect.DirectMethodHandleAccessor.invoke(DirectMethodHandleAccessor.java:103) ~[na:na]
	at java.base/java.lang.reflect.Method.invoke(Method.java:580) ~[na:na]
	at org.springframework.web.method.support.InvocableHandlerMethod.doInvoke(InvocableHandlerMethod.java:262) ~[spring-web-6.1.2.jar:6.1.2]
	at org.springframework.web.method.support.InvocableHandlerMethod.invokeForRequest(InvocableHandlerMethod.java:190) ~[spring-web-6.1.2.jar:6.1.2]
	at org.springframework.web.servlet.mvc.method.annotation.ServletInvocableHandlerMethod.invokeAndHandle(ServletInvocableHandlerMethod.java:118) ~[spring-webmvc-6.1.2.jar:6.1.2]
	at org.springframework.web.servlet.mvc.method.annotation.RequestMappingHandlerAdapter.invokeHandlerMethod(RequestMappingHandlerAdapter.java:917) ~[spring-webmvc-6.1.2.jar:6.1.2]
	at org.springframework.web.servlet.mvc.method.annotation.RequestMappingHandlerAdapter.handleInternal(RequestMappingHandlerAdapter.java:829) ~[spring-webmvc-6.1.2.jar:6.1.2]
	at org.springframework.web.servlet.mvc.method.AbstractHandlerMethodAdapter.handle(AbstractHandlerMethodAdapter.java:87) ~[spring-webmvc-6.1.2.jar:6.1.2]
	at org.springframework.web.servlet.DispatcherServlet.doDispatch(DispatcherServlet.java:1089) ~[spring-webmvc-6.1.2.jar:6.1.2]
	at org.springframework.web.servlet.DispatcherServlet.doService(DispatcherServlet.java:979) ~[spring-webmvc-6.1.2.jar:6.1.2]
	at org.springframework.web.servlet.FrameworkServlet.processRequest(FrameworkServlet.java:1014) ~[spring-webmvc-6.1.2.jar:6.1.2]
	at org.springframework.web.servlet.FrameworkServlet.doGet(FrameworkServlet.java:903) ~[spring-webmvc-6.1.2.jar:6.1.2]
	at jakarta.servlet.http.HttpServlet.service(HttpServlet.java:564) ~[tomcat-embed-core-10.1.17.jar:6.0]
	at org.springframework.web.servlet.FrameworkServlet.service(FrameworkServlet.java:885) ~[spring-webmvc-6.1.2.jar:6.1.2]
	at jakarta.servlet.http.HttpServlet.service(HttpServlet.java:658) ~[tomcat-embed-core-10.1.17.jar:6.0]
	at org.apache.catalina.core.ApplicationFilterChain.internalDoFilter(ApplicationFilterChain.java:205) ~[tomcat-embed-core-10.1.17.jar:10.1.17]
	at org.apache.catalina.core.ApplicationFilterChain.doFilter(ApplicationFilterChain.java:149) ~[tomcat-embed-core-10.1.17.jar:10.1.17]
	at org.apache.tomcat.websocket.server.WsFilter.doFilter(WsFilter.java:51) ~[tomcat-embed-websocket-10.1.17.jar:10.1.17]
	at org.apache.catalina.core.ApplicationFilterChain.internalDoFilter(ApplicationFilterChain.java:174) ~[tomcat-embed-core-10.1.17.jar:10.1.17]
	at org.apache.catalina.core.ApplicationFilterChain.doFilter(ApplicationFilterChain.java:149) ~[tomcat-embed-core-10.1.17.jar:10.1.17]
	at org.springframework.web.filter.RequestContextFilter.doFilterInternal(RequestContextFilter.java:100) ~[spring-web-6.1.2.jar:6.1.2]
	at org.springframework.web.filter.OncePerRequestFilter.doFilter(OncePerRequestFilter.java:116) ~[spring-web-6.1.2.jar:6.1.2]
	at org.apache.catalina.core.ApplicationFilterChain.internalDoFilter(ApplicationFilterChain.java:174) ~[tomcat-embed-core-10.1.17.jar:10.1.17]
	at org.apache.catalina.core.ApplicationFilterChain.doFilter(ApplicationFilterChain.java:149) ~[tomcat-embed-core-10.1.17.jar:10.1.17]
	at org.springframework.web.filter.FormContentFilter.doFilterInternal(FormContentFilter.java:93) ~[spring-web-6.1.2.jar:6.1.2]
	at org.springframework.web.filter.OncePerRequestFilter.doFilter(OncePerRequestFilter.java:116) ~[spring-web-6.1.2.jar:6.1.2]
	at org.apache.catalina.core.ApplicationFilterChain.internalDoFilter(ApplicationFilterChain.java:174) ~[tomcat-embed-core-10.1.17.jar:10.1.17]
	at org.apache.catalina.core.ApplicationFilterChain.doFilter(ApplicationFilterChain.java:149) ~[tomcat-embed-core-10.1.17.jar:10.1.17]
	at org.springframework.web.filter.CharacterEncodingFilter.doFilterInternal(CharacterEncodingFilter.java:201) ~[spring-web-6.1.2.jar:6.1.2]
	at org.springframework.web.filter.OncePerRequestFilter.doFilter(OncePerRequestFilter.java:116) ~[spring-web-6.1.2.jar:6.1.2]
	at org.apache.catalina.core.ApplicationFilterChain.internalDoFilter(ApplicationFilterChain.java:174) ~[tomcat-embed-core-10.1.17.jar:10.1.17]
	at org.apache.catalina.core.ApplicationFilterChain.doFilter(ApplicationFilterChain.java:149) ~[tomcat-embed-core-10.1.17.jar:10.1.17]
	at org.apache.catalina.core.StandardWrapperValve.invoke(StandardWrapperValve.java:167) ~[tomcat-embed-core-10.1.17.jar:10.1.17]
	at org.apache.catalina.core.StandardContextValve.invoke(StandardContextValve.java:90) ~[tomcat-embed-core-10.1.17.jar:10.1.17]
	at org.apache.catalina.authenticator.AuthenticatorBase.invoke(AuthenticatorBase.java:482) ~[tomcat-embed-core-10.1.17.jar:10.1.17]
	at org.apache.catalina.core.StandardHostValve.invoke(StandardHostValve.java:115) ~[tomcat-embed-core-10.1.17.jar:10.1.17]
	at org.apache.catalina.valves.ErrorReportValve.invoke(ErrorReportValve.java:93) ~[tomcat-embed-core-10.1.17.jar:10.1.17]
	at org.apache.catalina.core.StandardEngineValve.invoke(StandardEngineValve.java:74) ~[tomcat-embed-core-10.1.17.jar:10.1.17]
	at org.apache.catalina.connector.CoyoteAdapter.service(CoyoteAdapter.java:340) ~[tomcat-embed-core-10.1.17.jar:10.1.17]
	at org.apache.coyote.http11.Http11Processor.service(Http11Processor.java:391) ~[tomcat-embed-core-10.1.17.jar:10.1.17]
	at org.apache.coyote.AbstractProcessorLight.process(AbstractProcessorLight.java:63) ~[tomcat-embed-core-10.1.17.jar:10.1.17]
	at org.apache.coyote.AbstractProtocol$ConnectionHandler.process(AbstractProtocol.java:896) ~[tomcat-embed-core-10.1.17.jar:10.1.17]
	at org.apache.tomcat.util.net.NioEndpoint$SocketProcessor.doRun(NioEndpoint.java:1744) ~[tomcat-embed-core-10.1.17.jar:10.1.17]
	at org.apache.tomcat.util.net.SocketProcessorBase.run(SocketProcessorBase.java:52) ~[tomcat-embed-core-10.1.17.jar:10.1.17]
	at org.apache.tomcat.util.threads.ThreadPoolExecutor.runWorker(ThreadPoolExecutor.java:1191) ~[tomcat-embed-core-10.1.17.jar:10.1.17]
	at org.apache.tomcat.util.threads.ThreadPoolExecutor$Worker.run(ThreadPoolExecutor.java:659) ~[tomcat-embed-core-10.1.17.jar:10.1.17]
	at org.apache.tomcat.util.threads.TaskThread$WrappingRunnable.run(TaskThread.java:61) ~[tomcat-embed-core-10.1.17.jar:10.1.17]
	at java.base/java.lang.Thread.run(Thread.java:1583) ~[na:na]

2024-12-17T22:23:07.571+08:00  INFO 37340 --- [SpringApplicationShutdownHook] j.LocalContainerEntityManagerFactoryBean : Closing JPA EntityManagerFactory for persistence unit 'default'
2024-12-17T22:23:07.574+08:00  INFO 37340 --- [SpringApplicationShutdownHook] com.zaxxer.hikari.HikariDataSource       : HikariPool-1 - Shutdown initiated...
2024-12-17T22:23:07.584+08:00  INFO 37340 --- [SpringApplicationShutdownHook] com.zaxxer.hikari.HikariDataSource       : HikariPool-1 - Shutdown completed.
2024-12-17T22:23:26.466+08:00  INFO 37224 --- [main] c.e.invoice.InvoiceProcessorApplication  : Starting InvoiceProcessorApplication using Java 21.0.5 with PID 37224 (E:\receipts\invoice-processor\target\classes started by crazy in E:\receipts\invoice-processor)
2024-12-17T22:23:26.467+08:00 DEBUG 37224 --- [main] c.e.invoice.InvoiceProcessorApplication  : Running with Spring Boot v3.2.1, Spring v6.1.2
2024-12-17T22:23:26.468+08:00  INFO 37224 --- [main] c.e.invoice.InvoiceProcessorApplication  : No active profile set, falling back to 1 default profile: "default"
2024-12-17T22:23:26.824+08:00  INFO 37224 --- [main] .s.d.r.c.RepositoryConfigurationDelegate : Bootstrapping Spring Data JPA repositories in DEFAULT mode.
2024-12-17T22:23:26.876+08:00  INFO 37224 --- [main] .s.d.r.c.RepositoryConfigurationDelegate : Finished Spring Data repository scanning in 46 ms. Found 3 JPA repository interfaces.
2024-12-17T22:23:27.296+08:00  INFO 37224 --- [main] o.s.b.w.embedded.tomcat.TomcatWebServer  : Tomcat initialized with port 8080 (http)
2024-12-17T22:23:27.316+08:00  INFO 37224 --- [main] o.apache.catalina.core.StandardService   : Starting service [Tomcat]
2024-12-17T22:23:27.317+08:00  INFO 37224 --- [main] o.apache.catalina.core.StandardEngine    : Starting Servlet engine: [Apache Tomcat/10.1.17]
2024-12-17T22:23:27.409+08:00  INFO 37224 --- [main] o.a.c.c.C.[Tomcat].[localhost].[/]       : Initializing Spring embedded WebApplicationContext
2024-12-17T22:23:27.410+08:00  INFO 37224 --- [main] w.s.c.ServletWebServerApplicationContext : Root WebApplicationContext: initialization completed in 919 ms
2024-12-17T22:23:27.476+08:00  WARN 37224 --- [main] ConfigServletWebServerApplicationContext : Exception encountered during context initialization - cancelling refresh attempt: org.springframework.beans.factory.UnsatisfiedDependencyException: Error creating bean with name 'dataSourceScriptDatabaseInitializer' defined in class path resource [org/springframework/boot/autoconfigure/sql/init/DataSourceInitializationConfiguration.class]: Unsatisfied dependency expressed through method 'dataSourceScriptDatabaseInitializer' parameter 0: Error creating bean with name 'dataSource' defined in class path resource [org/springframework/boot/autoconfigure/jdbc/DataSourceConfiguration$Hikari.class]: Failed to instantiate [com.zaxxer.hikari.HikariDataSource]: Factory method 'dataSource' threw exception with message: Cannot load driver class: org.h2.Driver
2024-12-17T22:23:27.479+08:00  INFO 37224 --- [main] o.apache.catalina.core.StandardService   : Stopping service [Tomcat]
2024-12-17T22:23:27.493+08:00  INFO 37224 --- [main] .s.b.a.l.ConditionEvaluationReportLogger : 

Error starting ApplicationContext. To display the condition evaluation report re-run your application with 'debug' enabled.
2024-12-17T22:23:27.508+08:00 ERROR 37224 --- [main] o.s.boot.SpringApplication               : Application run failed

org.springframework.beans.factory.UnsatisfiedDependencyException: Error creating bean with name 'dataSourceScriptDatabaseInitializer' defined in class path resource [org/springframework/boot/autoconfigure/sql/init/DataSourceInitializationConfiguration.class]: Unsatisfied dependency expressed through method 'dataSourceScriptDatabaseInitializer' parameter 0: Error creating bean with name 'dataSource' defined in class path resource [org/springframework/boot/autoconfigure/jdbc/DataSourceConfiguration$Hikari.class]: Failed to instantiate [com.zaxxer.hikari.HikariDataSource]: Factory method 'dataSource' threw exception with message: Cannot load driver class: org.h2.Driver
	at org.springframework.beans.factory.support.ConstructorResolver.createArgumentArray(ConstructorResolver.java:802) ~[spring-beans-6.1.2.jar:6.1.2]
	at org.springframework.beans.factory.support.ConstructorResolver.instantiateUsingFactoryMethod(ConstructorResolver.java:546) ~[spring-beans-6.1.2.jar:6.1.2]
	at org.springframework.beans.factory.support.AbstractAutowireCapableBeanFactory.instantiateUsingFactoryMethod(AbstractAutowireCapableBeanFactory.java:1334) ~[spring-beans-6.1.2.jar:6.1.2]
	at org.springframework.beans.factory.support.AbstractAutowireCapableBeanFactory.createBeanInstance(AbstractAutowireCapableBeanFactory.java:1164) ~[spring-beans-6.1.2.jar:6.1.2]
	at org.springframework.beans.factory.support.AbstractAutowireCapableBeanFactory.doCreateBean(AbstractAutowireCapableBeanFactory.java:561) ~[spring-beans-6.1.2.jar:6.1.2]
	at org.springframework.beans.factory.support.AbstractAutowireCapableBeanFactory.createBean(AbstractAutowireCapableBeanFactory.java:521) ~[spring-beans-6.1.2.jar:6.1.2]
	at org.springframework.beans.factory.support.AbstractBeanFactory.lambda$doGetBean$0(AbstractBeanFactory.java:325) ~[spring-beans-6.1.2.jar:6.1.2]
	at org.springframework.beans.factory.support.DefaultSingletonBeanRegistry.getSingleton(DefaultSingletonBeanRegistry.java:234) ~[spring-beans-6.1.2.jar:6.1.2]
	at org.springframework.beans.factory.support.AbstractBeanFactory.doGetBean(AbstractBeanFactory.java:323) ~[spring-beans-6.1.2.jar:6.1.2]
	at org.springframework.beans.factory.support.AbstractBeanFactory.getBean(AbstractBeanFactory.java:199) ~[spring-beans-6.1.2.jar:6.1.2]
	at org.springframework.beans.factory.support.AbstractBeanFactory.doGetBean(AbstractBeanFactory.java:312) ~[spring-beans-6.1.2.jar:6.1.2]
	at org.springframework.beans.factory.support.AbstractBeanFactory.getBean(AbstractBeanFactory.java:199) ~[spring-beans-6.1.2.jar:6.1.2]
	at org.springframework.context.support.AbstractApplicationContext.getBean(AbstractApplicationContext.java:1232) ~[spring-context-6.1.2.jar:6.1.2]
	at org.springframework.context.support.AbstractApplicationContext.finishBeanFactoryInitialization(AbstractApplicationContext.java:950) ~[spring-context-6.1.2.jar:6.1.2]
	at org.springframework.context.support.AbstractApplicationContext.refresh(AbstractApplicationContext.java:625) ~[spring-context-6.1.2.jar:6.1.2]
	at org.springframework.boot.web.servlet.context.ServletWebServerApplicationContext.refresh(ServletWebServerApplicationContext.java:146) ~[spring-boot-3.2.1.jar:3.2.1]
	at org.springframework.boot.SpringApplication.refresh(SpringApplication.java:762) ~[spring-boot-3.2.1.jar:3.2.1]
	at org.springframework.boot.SpringApplication.refreshContext(SpringApplication.java:464) ~[spring-boot-3.2.1.jar:3.2.1]
	at org.springframework.boot.SpringApplication.run(SpringApplication.java:334) ~[spring-boot-3.2.1.jar:3.2.1]
	at org.springframework.boot.SpringApplication.run(SpringApplication.java:1358) ~[spring-boot-3.2.1.jar:3.2.1]
	at org.springframework.boot.SpringApplication.run(SpringApplication.java:1347) ~[spring-boot-3.2.1.jar:3.2.1]
	at com.example.invoice.InvoiceProcessorApplication.main(InvoiceProcessorApplication.java:9) ~[classes/:na]
Caused by: org.springframework.beans.factory.BeanCreationException: Error creating bean with name 'dataSource' defined in class path resource [org/springframework/boot/autoconfigure/jdbc/DataSourceConfiguration$Hikari.class]: Failed to instantiate [com.zaxxer.hikari.HikariDataSource]: Factory method 'dataSource' threw exception with message: Cannot load driver class: org.h2.Driver
	at org.springframework.beans.factory.support.ConstructorResolver.instantiate(ConstructorResolver.java:655) ~[spring-beans-6.1.2.jar:6.1.2]
	at org.springframework.beans.factory.support.ConstructorResolver.instantiateUsingFactoryMethod(ConstructorResolver.java:643) ~[spring-beans-6.1.2.jar:6.1.2]
	at org.springframework.beans.factory.support.AbstractAutowireCapableBeanFactory.instantiateUsingFactoryMethod(AbstractAutowireCapableBeanFactory.java:1334) ~[spring-beans-6.1.2.jar:6.1.2]
	at org.springframework.beans.factory.support.AbstractAutowireCapableBeanFactory.createBeanInstance(AbstractAutowireCapableBeanFactory.java:1164) ~[spring-beans-6.1.2.jar:6.1.2]
	at org.springframework.beans.factory.support.AbstractAutowireCapableBeanFactory.doCreateBean(AbstractAutowireCapableBeanFactory.java:561) ~[spring-beans-6.1.2.jar:6.1.2]
	at org.springframework.beans.factory.support.AbstractAutowireCapableBeanFactory.createBean(AbstractAutowireCapableBeanFactory.java:521) ~[spring-beans-6.1.2.jar:6.1.2]
	at org.springframework.beans.factory.support.AbstractBeanFactory.lambda$doGetBean$0(AbstractBeanFactory.java:325) ~[spring-beans-6.1.2.jar:6.1.2]
	at org.springframework.beans.factory.support.DefaultSingletonBeanRegistry.getSingleton(DefaultSingletonBeanRegistry.java:234) ~[spring-beans-6.1.2.jar:6.1.2]
	at org.springframework.beans.factory.support.AbstractBeanFactory.doGetBean(AbstractBeanFactory.java:323) ~[spring-beans-6.1.2.jar:6.1.2]
	at org.springframework.beans.factory.support.AbstractBeanFactory.getBean(AbstractBeanFactory.java:199) ~[spring-beans-6.1.2.jar:6.1.2]
	at org.springframework.beans.factory.config.DependencyDescriptor.resolveCandidate(DependencyDescriptor.java:254) ~[spring-beans-6.1.2.jar:6.1.2]
	at org.springframework.beans.factory.support.DefaultListableBeanFactory.doResolveDependency(DefaultListableBeanFactory.java:1443) ~[spring-beans-6.1.2.jar:6.1.2]
	at org.springframework.beans.factory.support.DefaultListableBeanFactory.resolveDependency(DefaultListableBeanFactory.java:1353) ~[spring-beans-6.1.2.jar:6.1.2]
	at org.springframework.beans.factory.support.ConstructorResolver.resolveAutowiredArgument(ConstructorResolver.java:911) ~[spring-beans-6.1.2.jar:6.1.2]
	at org.springframework.beans.factory.support.ConstructorResolver.createArgumentArray(ConstructorResolver.java:789) ~[spring-beans-6.1.2.jar:6.1.2]
	... 21 common frames omitted
Caused by: org.springframework.beans.BeanInstantiationException: Failed to instantiate [com.zaxxer.hikari.HikariDataSource]: Factory method 'dataSource' threw exception with message: Cannot load driver class: org.h2.Driver
	at org.springframework.beans.factory.support.SimpleInstantiationStrategy.instantiate(SimpleInstantiationStrategy.java:177) ~[spring-beans-6.1.2.jar:6.1.2]
	at org.springframework.beans.factory.support.ConstructorResolver.instantiate(ConstructorResolver.java:651) ~[spring-beans-6.1.2.jar:6.1.2]
	... 35 common frames omitted
Caused by: java.lang.IllegalStateException: Cannot load driver class: org.h2.Driver
	at org.springframework.util.Assert.state(Assert.java:97) ~[spring-core-6.1.2.jar:6.1.2]
	at org.springframework.boot.autoconfigure.jdbc.DataSourceProperties.determineDriverClassName(DataSourceProperties.java:175) ~[spring-boot-autoconfigure-3.2.1.jar:3.2.1]
	at org.springframework.boot.autoconfigure.jdbc.PropertiesJdbcConnectionDetails.getDriverClassName(PropertiesJdbcConnectionDetails.java:49) ~[spring-boot-autoconfigure-3.2.1.jar:3.2.1]
	at org.springframework.boot.autoconfigure.jdbc.DataSourceConfiguration.createDataSource(DataSourceConfiguration.java:55) ~[spring-boot-autoconfigure-3.2.1.jar:3.2.1]
	at org.springframework.boot.autoconfigure.jdbc.DataSourceConfiguration$Hikari.dataSource(DataSourceConfiguration.java:117) ~[spring-boot-autoconfigure-3.2.1.jar:3.2.1]
	at java.base/jdk.internal.reflect.DirectMethodHandleAccessor.invoke(DirectMethodHandleAccessor.java:103) ~[na:na]
	at java.base/java.lang.reflect.Method.invoke(Method.java:580) ~[na:na]
	at org.springframework.beans.factory.support.SimpleInstantiationStrategy.instantiate(SimpleInstantiationStrategy.java:140) ~[spring-beans-6.1.2.jar:6.1.2]
	... 36 common frames omitted

2024-12-17T22:25:40.241+08:00  INFO 38480 --- [main] c.e.invoice.InvoiceProcessorApplication  : Starting InvoiceProcessorApplication using Java 21.0.5 with PID 38480 (E:\receipts\invoice-processor\target\classes started by crazy in E:\receipts\invoice-processor)
2024-12-17T22:25:40.242+08:00 DEBUG 38480 --- [main] c.e.invoice.InvoiceProcessorApplication  : Running with Spring Boot v3.2.1, Spring v6.1.2
2024-12-17T22:25:40.244+08:00  INFO 38480 --- [main] c.e.invoice.InvoiceProcessorApplication  : No active profile set, falling back to 1 default profile: "default"
2024-12-17T22:25:40.609+08:00  INFO 38480 --- [main] .s.d.r.c.RepositoryConfigurationDelegate : Bootstrapping Spring Data JPA repositories in DEFAULT mode.
2024-12-17T22:25:40.643+08:00  INFO 38480 --- [main] .s.d.r.c.RepositoryConfigurationDelegate : Finished Spring Data repository scanning in 29 ms. Found 3 JPA repository interfaces.
2024-12-17T22:25:40.970+08:00  INFO 38480 --- [main] o.s.b.w.embedded.tomcat.TomcatWebServer  : Tomcat initialized with port 8080 (http)
2024-12-17T22:25:40.985+08:00  INFO 38480 --- [main] o.apache.catalina.core.StandardService   : Starting service [Tomcat]
2024-12-17T22:25:40.986+08:00  INFO 38480 --- [main] o.apache.catalina.core.StandardEngine    : Starting Servlet engine: [Apache Tomcat/10.1.17]
2024-12-17T22:25:41.071+08:00  INFO 38480 --- [main] o.a.c.c.C.[Tomcat].[localhost].[/]       : Initializing Spring embedded WebApplicationContext
2024-12-17T22:25:41.072+08:00  INFO 38480 --- [main] w.s.c.ServletWebServerApplicationContext : Root WebApplicationContext: initialization completed in 802 ms
2024-12-17T22:25:41.116+08:00  INFO 38480 --- [main] com.zaxxer.hikari.HikariDataSource       : HikariPool-1 - Starting...
2024-12-17T22:25:41.438+08:00  INFO 38480 --- [main] com.zaxxer.hikari.pool.HikariPool        : HikariPool-1 - Added connection conn1: url=jdbc:h2:file:./data/invoice_db user=SA
2024-12-17T22:25:41.439+08:00  INFO 38480 --- [main] com.zaxxer.hikari.HikariDataSource       : HikariPool-1 - Start completed.
2024-12-17T22:25:41.446+08:00  INFO 38480 --- [main] o.s.b.a.h2.H2ConsoleAutoConfiguration    : H2 console available at '/h2-console'. Database available at 'jdbc:h2:file:./data/invoice_db'
2024-12-17T22:25:41.530+08:00  INFO 38480 --- [main] o.hibernate.jpa.internal.util.LogHelper  : HHH000204: Processing PersistenceUnitInfo [name: default]
2024-12-17T22:25:41.576+08:00  INFO 38480 --- [main] org.hibernate.Version                    : HHH000412: Hibernate ORM core version 6.4.1.Final
2024-12-17T22:25:41.617+08:00  INFO 38480 --- [main] o.h.c.internal.RegionFactoryInitiator    : HHH000026: Second-level cache disabled
2024-12-17T22:25:41.777+08:00  INFO 38480 --- [main] o.s.o.j.p.SpringPersistenceUnitInfo      : No LoadTimeWeaver setup: ignoring JPA class transformer
2024-12-17T22:25:41.861+08:00  WARN 38480 --- [main] org.hibernate.orm.deprecation            : HHH90000025: H2Dialect does not need to be specified explicitly using 'hibernate.dialect' (remove the property setting and it will be selected by default)
2024-12-17T22:25:42.487+08:00  INFO 38480 --- [main] o.h.e.t.j.p.i.JtaPlatformInitiator       : HHH000489: No JTA platform available (set 'hibernate.transaction.jta.platform' to enable JTA platform integration)
2024-12-17T22:25:42.490+08:00  INFO 38480 --- [main] j.LocalContainerEntityManagerFactoryBean : Initialized JPA EntityManagerFactory for persistence unit 'default'
2024-12-17T22:25:42.789+08:00  WARN 38480 --- [main] JpaBaseConfiguration$JpaWebConfiguration : spring.jpa.open-in-view is enabled by default. Therefore, database queries may be performed during view rendering. Explicitly configure spring.jpa.open-in-view to disable this warning
2024-12-17T22:25:43.034+08:00  WARN 38480 --- [main] ConfigServletWebServerApplicationContext : Exception encountered during context initialization - cancelling refresh attempt: org.springframework.beans.factory.BeanCreationException: Error creating bean with name 'processTaskRepository' defined in com.example.invoice.repository.ProcessTaskRepository defined in @EnableJpaRepositories declared on JpaRepositoriesRegistrar.EnableJpaRepositoriesConfiguration: Could not create query for public abstract java.util.Optional com.example.invoice.repository.ProcessTaskRepository.findByFileInfo_Id(java.lang.String); Reason: Failed to create query for method public abstract java.util.Optional com.example.invoice.repository.ProcessTaskRepository.findByFileInfo_Id(java.lang.String); Cannot compare left expression of type 'java.lang.Long' with right expression of type 'java.lang.String'
2024-12-17T22:25:43.035+08:00  INFO 38480 --- [main] j.LocalContainerEntityManagerFactoryBean : Closing JPA EntityManagerFactory for persistence unit 'default'
2024-12-17T22:25:43.037+08:00  INFO 38480 --- [main] com.zaxxer.hikari.HikariDataSource       : HikariPool-1 - Shutdown initiated...
2024-12-17T22:25:43.050+08:00  INFO 38480 --- [main] com.zaxxer.hikari.HikariDataSource       : HikariPool-1 - Shutdown completed.
2024-12-17T22:25:43.052+08:00  INFO 38480 --- [main] o.apache.catalina.core.StandardService   : Stopping service [Tomcat]
2024-12-17T22:25:43.064+08:00  INFO 38480 --- [main] .s.b.a.l.ConditionEvaluationReportLogger : 

Error starting ApplicationContext. To display the condition evaluation report re-run your application with 'debug' enabled.
2024-12-17T22:25:43.082+08:00 ERROR 38480 --- [main] o.s.boot.SpringApplication               : Application run failed

org.springframework.beans.factory.BeanCreationException: Error creating bean with name 'processTaskRepository' defined in com.example.invoice.repository.ProcessTaskRepository defined in @EnableJpaRepositories declared on JpaRepositoriesRegistrar.EnableJpaRepositoriesConfiguration: Could not create query for public abstract java.util.Optional com.example.invoice.repository.ProcessTaskRepository.findByFileInfo_Id(java.lang.String); Reason: Failed to create query for method public abstract java.util.Optional com.example.invoice.repository.ProcessTaskRepository.findByFileInfo_Id(java.lang.String); Cannot compare left expression of type 'java.lang.Long' with right expression of type 'java.lang.String'
	at org.springframework.beans.factory.support.AbstractAutowireCapableBeanFactory.initializeBean(AbstractAutowireCapableBeanFactory.java:1773) ~[spring-beans-6.1.2.jar:6.1.2]
	at org.springframework.beans.factory.support.AbstractAutowireCapableBeanFactory.doCreateBean(AbstractAutowireCapableBeanFactory.java:599) ~[spring-beans-6.1.2.jar:6.1.2]
	at org.springframework.beans.factory.support.AbstractAutowireCapableBeanFactory.createBean(AbstractAutowireCapableBeanFactory.java:521) ~[spring-beans-6.1.2.jar:6.1.2]
	at org.springframework.beans.factory.support.AbstractBeanFactory.lambda$doGetBean$0(AbstractBeanFactory.java:325) ~[spring-beans-6.1.2.jar:6.1.2]
	at org.springframework.beans.factory.support.DefaultSingletonBeanRegistry.getSingleton(DefaultSingletonBeanRegistry.java:234) ~[spring-beans-6.1.2.jar:6.1.2]
	at org.springframework.beans.factory.support.AbstractBeanFactory.doGetBean(AbstractBeanFactory.java:323) ~[spring-beans-6.1.2.jar:6.1.2]
	at org.springframework.beans.factory.support.AbstractBeanFactory.getBean(AbstractBeanFactory.java:199) ~[spring-beans-6.1.2.jar:6.1.2]
	at org.springframework.beans.factory.support.DefaultListableBeanFactory.preInstantiateSingletons(DefaultListableBeanFactory.java:969) ~[spring-beans-6.1.2.jar:6.1.2]
	at org.springframework.context.support.AbstractApplicationContext.finishBeanFactoryInitialization(AbstractApplicationContext.java:960) ~[spring-context-6.1.2.jar:6.1.2]
	at org.springframework.context.support.AbstractApplicationContext.refresh(AbstractApplicationContext.java:625) ~[spring-context-6.1.2.jar:6.1.2]
	at org.springframework.boot.web.servlet.context.ServletWebServerApplicationContext.refresh(ServletWebServerApplicationContext.java:146) ~[spring-boot-3.2.1.jar:3.2.1]
	at org.springframework.boot.SpringApplication.refresh(SpringApplication.java:762) ~[spring-boot-3.2.1.jar:3.2.1]
	at org.springframework.boot.SpringApplication.refreshContext(SpringApplication.java:464) ~[spring-boot-3.2.1.jar:3.2.1]
	at org.springframework.boot.SpringApplication.run(SpringApplication.java:334) ~[spring-boot-3.2.1.jar:3.2.1]
	at org.springframework.boot.SpringApplication.run(SpringApplication.java:1358) ~[spring-boot-3.2.1.jar:3.2.1]
	at org.springframework.boot.SpringApplication.run(SpringApplication.java:1347) ~[spring-boot-3.2.1.jar:3.2.1]
	at com.example.invoice.InvoiceProcessorApplication.main(InvoiceProcessorApplication.java:9) ~[classes/:na]
Caused by: org.springframework.data.repository.query.QueryCreationException: Could not create query for public abstract java.util.Optional com.example.invoice.repository.ProcessTaskRepository.findByFileInfo_Id(java.lang.String); Reason: Failed to create query for method public abstract java.util.Optional com.example.invoice.repository.ProcessTaskRepository.findByFileInfo_Id(java.lang.String); Cannot compare left expression of type 'java.lang.Long' with right expression of type 'java.lang.String'
	at org.springframework.data.repository.query.QueryCreationException.create(QueryCreationException.java:101) ~[spring-data-commons-3.2.1.jar:3.2.1]
	at org.springframework.data.repository.core.support.QueryExecutorMethodInterceptor.lookupQuery(QueryExecutorMethodInterceptor.java:115) ~[spring-data-commons-3.2.1.jar:3.2.1]
	at org.springframework.data.repository.core.support.QueryExecutorMethodInterceptor.mapMethodsToQuery(QueryExecutorMethodInterceptor.java:99) ~[spring-data-commons-3.2.1.jar:3.2.1]
	at org.springframework.data.repository.core.support.QueryExecutorMethodInterceptor.lambda$new$0(QueryExecutorMethodInterceptor.java:88) ~[spring-data-commons-3.2.1.jar:3.2.1]
	at java.base/java.util.Optional.map(Optional.java:260) ~[na:na]
	at org.springframework.data.repository.core.support.QueryExecutorMethodInterceptor.<init>(QueryExecutorMethodInterceptor.java:88) ~[spring-data-commons-3.2.1.jar:3.2.1]
	at org.springframework.data.repository.core.support.RepositoryFactorySupport.getRepository(RepositoryFactorySupport.java:357) ~[spring-data-commons-3.2.1.jar:3.2.1]
	at org.springframework.data.repository.core.support.RepositoryFactoryBeanSupport.lambda$afterPropertiesSet$5(RepositoryFactoryBeanSupport.java:279) ~[spring-data-commons-3.2.1.jar:3.2.1]
	at org.springframework.data.util.Lazy.getNullable(Lazy.java:135) ~[spring-data-commons-3.2.1.jar:3.2.1]
	at org.springframework.data.util.Lazy.get(Lazy.java:113) ~[spring-data-commons-3.2.1.jar:3.2.1]
	at org.springframework.data.repository.core.support.RepositoryFactoryBeanSupport.afterPropertiesSet(RepositoryFactoryBeanSupport.java:285) ~[spring-data-commons-3.2.1.jar:3.2.1]
	at org.springframework.data.jpa.repository.support.JpaRepositoryFactoryBean.afterPropertiesSet(JpaRepositoryFactoryBean.java:132) ~[spring-data-jpa-3.2.1.jar:3.2.1]
	at org.springframework.beans.factory.support.AbstractAutowireCapableBeanFactory.invokeInitMethods(AbstractAutowireCapableBeanFactory.java:1820) ~[spring-beans-6.1.2.jar:6.1.2]
	at org.springframework.beans.factory.support.AbstractAutowireCapableBeanFactory.initializeBean(AbstractAutowireCapableBeanFactory.java:1769) ~[spring-beans-6.1.2.jar:6.1.2]
	... 16 common frames omitted
Caused by: java.lang.IllegalArgumentException: Failed to create query for method public abstract java.util.Optional com.example.invoice.repository.ProcessTaskRepository.findByFileInfo_Id(java.lang.String); Cannot compare left expression of type 'java.lang.Long' with right expression of type 'java.lang.String'
	at org.springframework.data.jpa.repository.query.PartTreeJpaQuery.<init>(PartTreeJpaQuery.java:107) ~[spring-data-jpa-3.2.1.jar:3.2.1]
	at org.springframework.data.jpa.repository.query.JpaQueryLookupStrategy$CreateQueryLookupStrategy.resolveQuery(JpaQueryLookupStrategy.java:124) ~[spring-data-jpa-3.2.1.jar:3.2.1]
	at org.springframework.data.jpa.repository.query.JpaQueryLookupStrategy$CreateIfNotFoundQueryLookupStrategy.resolveQuery(JpaQueryLookupStrategy.java:258) ~[spring-data-jpa-3.2.1.jar:3.2.1]
	at org.springframework.data.jpa.repository.query.JpaQueryLookupStrategy$AbstractQueryLookupStrategy.resolveQuery(JpaQueryLookupStrategy.java:95) ~[spring-data-jpa-3.2.1.jar:3.2.1]
	at org.springframework.data.repository.core.support.QueryExecutorMethodInterceptor.lookupQuery(QueryExecutorMethodInterceptor.java:111) ~[spring-data-commons-3.2.1.jar:3.2.1]
	... 28 common frames omitted
Caused by: org.hibernate.query.SemanticException: Cannot compare left expression of type 'java.lang.Long' with right expression of type 'java.lang.String'
	at org.hibernate.query.sqm.internal.TypecheckUtil.assertComparable(TypecheckUtil.java:358) ~[hibernate-core-6.4.1.Final.jar:6.4.1.Final]
	at org.hibernate.query.sqm.tree.predicate.SqmComparisonPredicate.<init>(SqmComparisonPredicate.java:48) ~[hibernate-core-6.4.1.Final.jar:6.4.1.Final]
	at org.hibernate.query.sqm.tree.predicate.SqmComparisonPredicate.<init>(SqmComparisonPredicate.java:34) ~[hibernate-core-6.4.1.Final.jar:6.4.1.Final]
	at org.hibernate.query.sqm.internal.SqmCriteriaNodeBuilder.equal(SqmCriteriaNodeBuilder.java:2121) ~[hibernate-core-6.4.1.Final.jar:6.4.1.Final]
	at org.hibernate.query.sqm.internal.SqmCriteriaNodeBuilder.equal(SqmCriteriaNodeBuilder.java:192) ~[hibernate-core-6.4.1.Final.jar:6.4.1.Final]
	at org.springframework.data.jpa.repository.query.JpaQueryCreator$PredicateBuilder.build(JpaQueryCreator.java:312) ~[spring-data-jpa-3.2.1.jar:3.2.1]
	at org.springframework.data.jpa.repository.query.JpaQueryCreator.toPredicate(JpaQueryCreator.java:210) ~[spring-data-jpa-3.2.1.jar:3.2.1]
	at org.springframework.data.jpa.repository.query.JpaQueryCreator.create(JpaQueryCreator.java:121) ~[spring-data-jpa-3.2.1.jar:3.2.1]
	at org.springframework.data.jpa.repository.query.JpaQueryCreator.create(JpaQueryCreator.java:60) ~[spring-data-jpa-3.2.1.jar:3.2.1]
	at org.springframework.data.repository.query.parser.AbstractQueryCreator.createCriteria(AbstractQueryCreator.java:119) ~[spring-data-commons-3.2.1.jar:3.2.1]
	at org.springframework.data.repository.query.parser.AbstractQueryCreator.createQuery(AbstractQueryCreator.java:95) ~[spring-data-commons-3.2.1.jar:3.2.1]
	at org.springframework.data.repository.query.parser.AbstractQueryCreator.createQuery(AbstractQueryCreator.java:81) ~[spring-data-commons-3.2.1.jar:3.2.1]
	at org.springframework.data.jpa.repository.query.PartTreeJpaQuery$QueryPreparer.<init>(PartTreeJpaQuery.java:218) ~[spring-data-jpa-3.2.1.jar:3.2.1]
	at org.springframework.data.jpa.repository.query.PartTreeJpaQuery$CountQueryPreparer.<init>(PartTreeJpaQuery.java:361) ~[spring-data-jpa-3.2.1.jar:3.2.1]
	at org.springframework.data.jpa.repository.query.PartTreeJpaQuery.<init>(PartTreeJpaQuery.java:102) ~[spring-data-jpa-3.2.1.jar:3.2.1]
	... 32 common frames omitted

